<?xml version="1.0" encoding="UTF-8"?>
<!-- Generated by org.testng.reporters.JUnitXMLReporter -->
<testsuite ignored="0" hostname="Admin" failures="0" tests="7" name="Default test" time="47.925" errors="0" timestamp="2022-06-29T12:44:42 IST">
  <testcase classname="com.opencart.Testng.OpencartWithTestng" name="test01" time="13.641"/>
  <testcase classname="com.opencart.Testng.OpencartWithTestng" name="test02" time="5.677"/>
  <testcase classname="com.opencart.Testng.OpencartWithTestng" name="test04" time="5.239"/>
  <testcase classname="com.opencart.Testng.OpencartWithTestng" name="test03" time="7.145"/>
  <testcase classname="com.opencart.Testng.OpencartWithTestng" name="test07" time="5.438"/>
  <testcase classname="com.opencart.Testng.OpencartWithTestng" name="test06" time="6.882"/>
  <testcase classname="com.opencart.Testng.OpencartWithTestng" name="test05" time="3.798"/>
</testsuite> <!-- Default test -->
