<?xml version="1.0" encoding="UTF-8"?>
<testng-results ignored="0" total="7" passed="7" failed="0" skipped="0">
  <reporter-output>
  </reporter-output>
  <suite started-at="2022-06-29T12:43:54 IST" name="Default suite" finished-at="2022-06-29T12:44:41 IST" duration-ms="47925">
    <groups>
    </groups>
    <test started-at="2022-06-29T12:43:54 IST" name="Default test" finished-at="2022-06-29T12:44:41 IST" duration-ms="47925">
      <class name="com.opencart.Testng.OpencartWithTestng">
        <test-method is-config="true" signature="setChrome()[pri:0, instance:com.opencart.Testng.OpencartWithTestng@47987356]" started-at="2022-06-29T12:43:45 IST" name="setChrome" finished-at="2022-06-29T12:43:54 IST" duration-ms="8874" status="PASS">
          <reporter-output>
          </reporter-output>
        </test-method> <!-- setChrome -->
        <test-method signature="test01()[pri:0, instance:com.opencart.Testng.OpencartWithTestng@47987356]" started-at="2022-06-29T12:43:54 IST" name="test01" finished-at="2022-06-29T12:44:07 IST" duration-ms="13641" status="PASS">
          <reporter-output>
          </reporter-output>
        </test-method> <!-- test01 -->
        <test-method signature="test02()[pri:1, instance:com.opencart.Testng.OpencartWithTestng@47987356]" started-at="2022-06-29T12:44:07 IST" name="test02" finished-at="2022-06-29T12:44:13 IST" duration-ms="5677" status="PASS">
          <reporter-output>
          </reporter-output>
        </test-method> <!-- test02 -->
        <test-method signature="test04()[pri:2, instance:com.opencart.Testng.OpencartWithTestng@47987356]" started-at="2022-06-29T12:44:13 IST" name="test04" finished-at="2022-06-29T12:44:18 IST" duration-ms="5239" status="PASS">
          <reporter-output>
          </reporter-output>
        </test-method> <!-- test04 -->
        <test-method signature="test03()[pri:3, instance:com.opencart.Testng.OpencartWithTestng@47987356]" started-at="2022-06-29T12:44:18 IST" name="test03" finished-at="2022-06-29T12:44:25 IST" duration-ms="7145" status="PASS">
          <reporter-output>
          </reporter-output>
        </test-method> <!-- test03 -->
        <test-method signature="test07()[pri:4, instance:com.opencart.Testng.OpencartWithTestng@47987356]" started-at="2022-06-29T12:44:25 IST" name="test07" finished-at="2022-06-29T12:44:31 IST" duration-ms="5438" status="PASS">
          <reporter-output>
          </reporter-output>
        </test-method> <!-- test07 -->
        <test-method signature="test06()[pri:5, instance:com.opencart.Testng.OpencartWithTestng@47987356]" started-at="2022-06-29T12:44:31 IST" name="test06" finished-at="2022-06-29T12:44:38 IST" duration-ms="6882" status="PASS">
          <reporter-output>
          </reporter-output>
        </test-method> <!-- test06 -->
        <test-method signature="test05()[pri:6, instance:com.opencart.Testng.OpencartWithTestng@47987356]" started-at="2022-06-29T12:44:38 IST" name="test05" finished-at="2022-06-29T12:44:41 IST" duration-ms="3798" status="PASS">
          <reporter-output>
          </reporter-output>
        </test-method> <!-- test05 -->
        <test-method is-config="true" signature="closeChrome()[pri:0, instance:com.opencart.Testng.OpencartWithTestng@47987356]" started-at="2022-06-29T12:44:42 IST" name="closeChrome" finished-at="2022-06-29T12:44:42 IST" duration-ms="378" status="PASS">
          <reporter-output>
          </reporter-output>
        </test-method> <!-- closeChrome -->
      </class> <!-- com.opencart.Testng.OpencartWithTestng -->
    </test> <!-- Default test -->
  </suite> <!-- Default suite -->
</testng-results>
